<?xml version="1.0" encoding="UTF-8"?>
<!-- Generated by org.testng.reporters.JUnitXMLReporter -->
<testsuite hostname="LAPTOP-LR7VCPRQ" name="Add to cart Module(failed)" tests="1" failures="1" timestamp="6 Jun 2021 14:11:21 GMT" time="0.029" errors="0">
  <testcase name="addtocart_pricevalidation" time="0.014" classname="ecommerce.AddtoCart">
    <failure type="java.lang.AssertionError" message="The following asserts failed:
	failed - price is not matched expected [90] but found [95]">
      <![CDATA[java.lang.AssertionError: The following asserts failed:
	failed - price is not matched expected [90] but found [95]
	at ecommerce.AddtoCart.addtocart_pricevalidation(AddtoCart.java:52)
... Removed 26 stack frames]]>
    </failure>
  </testcase> <!-- addtocart_pricevalidation -->
</testsuite> <!-- Add to cart Module(failed) -->
