<!DOCTYPE html PUBLIC "-//W3C//DTD XHTML 1.1//EN" "http://www.w3.org/TR/xhtml11/DTD/xhtml11.dtd">
<html xmlns="http://www.w3.org/1999/xhtml"><head><title>TestNG Report</title><style type="text/css">table {margin-bottom:10px;border-collapse:collapse;empty-cells:show}th,td {border:1px solid #009;padding:.25em .5em}th {vertical-align:bottom}td {vertical-align:top}table a {font-weight:bold}.stripe td {background-color: #E6EBF9}.num {text-align:right}.passedodd td {background-color: #3F3}.passedeven td {background-color: #0A0}.skippedodd td {background-color: #DDD}.skippedeven td {background-color: #CCC}.failedodd td,.attn {background-color: #F33}.failedeven td,.stripe .attn {background-color: #D00}.stacktrace {white-space:pre;font-family:monospace}.totop {font-size:85%;text-align:center;border-bottom:2px solid #000}</style></head><body><table><tr><th>Test</th><th># Passed</th><th># Skipped</th><th># Failed</th><th>Time (ms)</th><th>Included Groups</th><th>Excluded Groups</th></tr><tr><th colspan="7">Ecommerce Regression </th></tr><tr><td><a href="#t0">Add to cart Module</a></td><td class="num">0</td><td class="num">0</td><td class="num attn">2</td><td class="num">1,131</td><td></td><td></td></tr></table><table><thead><tr><th>Class</th><th>Method</th><th>Start</th><th>Time (ms)</th></tr></thead><tbody><tr><th colspan="4">Ecommerce Regression </th></tr></tbody><tbody id="t0"><tr><th colspan="4">Add to cart Module &#8212; failed</th></tr><tr class="failedeven"><td rowspan="2">com.test.ecommerce.AddtoCart</td><td><a href="#m0">addtocart_fromsearchresults</a></td><td rowspan="1">1623849455216</td><td rowspan="1">26</td></tr><tr class="failedeven"><td><a href="#m1">addtocart_pricevalidation</a></td><td rowspan="1">1623849455362</td><td rowspan="1">879</td></tr></tbody></table><h2>Add to cart Module</h2><h3 id="m0">com.test.ecommerce.AddtoCart#addtocart_fromsearchresults</h3><table class="result"><tr><th>Exception</th></tr><tr><td><div class="stacktrace">java.lang.AssertionError: expected [true] but found [false]
	at com.test.ecommerce.AddtoCart.addtocart_fromsearchresults(AddtoCart.java:20)
... Removed 28 stack frames</div></td></tr></table><p class="totop"><a href="#summary">back to summary</a></p><h3 id="m1">com.test.ecommerce.AddtoCart#addtocart_pricevalidation</h3><table class="result"><tr><th>Exception</th></tr><tr><td><div class="stacktrace">java.lang.AssertionError: The following asserts failed:
	failed - price is not matched expected [90] but found [95]
	at com.test.ecommerce.AddtoCart.addtocart_pricevalidation(AddtoCart.java:40)
... Removed 25 stack frames</div></td></tr></table><p class="totop"><a href="#summary">back to summary</a></p></body></html>